<?xml version="1.0" encoding="UTF-8"?>
<testsuite xmlns:xsi="http://www.w3.org/2001/XMLSchema-instance" xsi:noNamespaceSchemaLocation="https://maven.apache.org/surefire/maven-surefire-plugin/xsd/surefire-test-report.xsd" version="3.0.2" name="com.challenge.token_validation_service.TokenValidationServiceApplicationTests" time="3.36" tests="1" errors="0" skipped="0" failures="0" flakes="0">
  <properties>
[...]
</properties>
  <testcase name="contextLoads" classname="com.challenge.token_validation_service.TokenValidationServiceApplicationTests" time="0.683">
    <system-out><![CDATA[21:47:49.565 [main] INFO org.springframework.test.context.support.AnnotationConfigContextLoaderUtils -- Could not detect default configuration classes for test class [com.challenge.token_validation_service.TokenValidationServiceApplicationTests]: TokenValidationServiceApplicationTests does not declare any static, non-private, non-final, nested classes annotated with @Configuration.
21:47:49.673 [main] INFO org.springframework.boot.test.context.SpringBootTestContextBootstrapper -- Found @SpringBootConfiguration com.challenge.token_validation_service.TokenValidationServiceApplication for test class com.challenge.token_validation_service.TokenValidationServiceApplicationTests
21:47:49.764 [main] INFO org.springframework.test.context.support.AnnotationConfigContextLoaderUtils -- Could not detect default configuration classes for test class [com.challenge.token_validation_service.TokenValidationServiceApplicationTests]: TokenValidationServiceApplicationTests does not declare any static, non-private, non-final, nested classes annotated with @Configuration.
21:47:49.765 [main] INFO org.springframework.boot.test.context.SpringBootTestContextBootstrapper -- Found @SpringBootConfiguration com.challenge.token_validation_service.TokenValidationServiceApplication for test class com.challenge.token_validation_service.TokenValidationServiceApplicationTests
21:47:49.847 [main] INFO org.springframework.boot.devtools.restart.RestartApplicationListener -- Restart disabled due to context in which it is running

  .   ____          _            __ _ _
 /\\ / ___'_ __ _ _(_)_ __  __ _ \ \ \ \
( ( )\___ | '_ | '_| | '_ \/ _` | \ \ \ \
 \\/  ___)| |_)| | | | | || (_| |  ) ) ) )
  '  |____| .__|_| |_|_| |_\__, | / / / /
 =========|_|==============|___/=/_/_/_/

 :: Spring Boot ::                (v4.0.5)

2026-06-22T21:47:50.154-03:00  INFO 11440 --- [token-validation-service] [           main] t.TokenValidationServiceApplicationTests : Starting TokenValidationServiceApplicationTests using Java 21.0.11 with PID 11440 (started by Arthur Peracolli in C:\Users\Arthur Peracolli\Desktop\token-validation-service\token-validation-service)
2026-06-22T21:47:50.155-03:00  INFO 11440 --- [token-validation-service] [           main] t.TokenValidationServiceApplicationTests : No active profile set, falling back to 1 default profile: "default"
2026-06-22T21:47:51.310-03:00  INFO 11440 --- [token-validation-service] [           main] o.s.v.b.OptionalValidatorFactoryBean     : Failed to set up a Bean Validation provider: jakarta.validation.NoProviderFoundException: Unable to create a Configuration, because no Jakarta Validation provider could be found. Add a provider like Hibernate Validator (RI) to your classpath.
2026-06-22T21:47:51.881-03:00  INFO 11440 --- [token-validation-service] [           main] o.s.b.a.e.web.EndpointLinksResolver      : Exposing 1 endpoint beneath base path '/actuator'
2026-06-22T21:47:51.936-03:00  INFO 11440 --- [token-validation-service] [           main] t.TokenValidationServiceApplicationTests : Started TokenValidationServiceApplicationTests in 2.102 seconds (process running for 3.367)
]]></system-out>
    <system-err><![CDATA[Mockito is currently self-attaching to enable the inline-mock-maker. This will no longer work in future releases of the JDK. Please add Mockito as an agent to your build as described in Mockito's documentation: https://javadoc.io/doc/org.mockito/mockito-core/latest/org.mockito/org/mockito/Mockito.html#0.3
WARNING: A Java agent has been loaded dynamically (C:\Users\Arthur Peracolli\.m2\repository\net\bytebuddy\byte-buddy-agent\1.17.8\byte-buddy-agent-1.17.8.jar)
WARNING: If a serviceability tool is in use, please run with -XX:+EnableDynamicAgentLoading to hide this warning
WARNING: If a serviceability tool is not in use, please run with -Djdk.instrument.traceUsage for more information
WARNING: Dynamic loading of agents will be disallowed by default in a future release
]]></system-err>
  </testcase>
</testsuite>